Performing C SOURCE FILE Test CMAKE_HAVE_LIBC_PTHREAD failed with the following output:
Change Dir: /users/cchien3/data/cchien3/bitbucket-repos/gpu-phc/parameter-HC-generalized-cam/build/CMakeFiles/CMakeTmp

Run Build Command(s):/usr/bin/gmake cmTC_81906/fast && /usr/bin/gmake -f CMakeFiles/cmTC_81906.dir/build.make CMakeFiles/cmTC_81906.dir/build
gmake[1]: Entering directory `/gpfs/data/engn2500/cchien3/bitbucket-repos/gpu-phc/parameter-HC-generalized-cam/build/CMakeFiles/CMakeTmp'
Building C object CMakeFiles/cmTC_81906.dir/src.c.o
/usr/bin/cc   -DCMAKE_HAVE_LIBC_PTHREAD   -o CMakeFiles/cmTC_81906.dir/src.c.o   -c /users/cchien3/data/cchien3/bitbucket-repos/gpu-phc/parameter-HC-generalized-cam/build/CMakeFiles/CMakeTmp/src.c
Linking C executable cmTC_81906
/gpfs/rt/7.2/opt/cmake/3.15.4/bin/cmake -E cmake_link_script CMakeFiles/cmTC_81906.dir/link.txt --verbose=1
/usr/bin/cc   -DCMAKE_HAVE_LIBC_PTHREAD     CMakeFiles/cmTC_81906.dir/src.c.o  -o cmTC_81906 
CMakeFiles/cmTC_81906.dir/src.c.o: In function `main':
src.c:(.text+0x2d): undefined reference to `pthread_create'
src.c:(.text+0x39): undefined reference to `pthread_detach'
src.c:(.text+0x4a): undefined reference to `pthread_join'
src.c:(.text+0x5e): undefined reference to `pthread_atfork'
collect2: error: ld returned 1 exit status
gmake[1]: *** [cmTC_81906] Error 1
gmake[1]: Leaving directory `/gpfs/data/engn2500/cchien3/bitbucket-repos/gpu-phc/parameter-HC-generalized-cam/build/CMakeFiles/CMakeTmp'
gmake: *** [cmTC_81906/fast] Error 2


Source file was:
#include <pthread.h>

void* test_func(void* data)
{
  return data;
}

int main(void)
{
  pthread_t thread;
  pthread_create(&thread, NULL, test_func, NULL);
  pthread_detach(thread);
  pthread_join(thread, NULL);
  pthread_atfork(NULL, NULL, NULL);
  pthread_exit(NULL);

  return 0;
}

Determining if the function pthread_create exists in the pthreads failed with the following output:
Change Dir: /users/cchien3/data/cchien3/bitbucket-repos/gpu-phc/parameter-HC-generalized-cam/build/CMakeFiles/CMakeTmp

Run Build Command(s):/usr/bin/gmake cmTC_7961d/fast && /usr/bin/gmake -f CMakeFiles/cmTC_7961d.dir/build.make CMakeFiles/cmTC_7961d.dir/build
gmake[1]: Entering directory `/gpfs/data/engn2500/cchien3/bitbucket-repos/gpu-phc/parameter-HC-generalized-cam/build/CMakeFiles/CMakeTmp'
Building C object CMakeFiles/cmTC_7961d.dir/CheckFunctionExists.c.o
/usr/bin/cc   -DCHECK_FUNCTION_EXISTS=pthread_create   -o CMakeFiles/cmTC_7961d.dir/CheckFunctionExists.c.o   -c /gpfs/rt/7.2/opt/cmake/3.15.4/share/cmake-3.15/Modules/CheckFunctionExists.c
Linking C executable cmTC_7961d
/gpfs/rt/7.2/opt/cmake/3.15.4/bin/cmake -E cmake_link_script CMakeFiles/cmTC_7961d.dir/link.txt --verbose=1
/usr/bin/cc   -DCHECK_FUNCTION_EXISTS=pthread_create     CMakeFiles/cmTC_7961d.dir/CheckFunctionExists.c.o  -o cmTC_7961d -lpthreads 
/usr/bin/ld: cannot find -lpthreads
collect2: error: ld returned 1 exit status
gmake[1]: *** [cmTC_7961d] Error 1
gmake[1]: Leaving directory `/gpfs/data/engn2500/cchien3/bitbucket-repos/gpu-phc/parameter-HC-generalized-cam/build/CMakeFiles/CMakeTmp'
gmake: *** [cmTC_7961d/fast] Error 2



